2021-09-22 14:33:23,804 INFO o.a.j.u.JMeterUtils: Setting Locale to en_EN
2021-09-22 14:33:23,833 INFO o.a.j.JMeter: Loading user properties from: user.properties
2021-09-22 14:33:23,834 INFO o.a.j.JMeter: Loading system properties from: system.properties
2021-09-22 14:33:23,841 INFO o.a.j.JMeter: Copyright (c) 1998-2021 The Apache Software Foundation
2021-09-22 14:33:23,841 INFO o.a.j.JMeter: Version 5.5-SNAPSHOT 093df18
2021-09-22 14:33:23,842 INFO o.a.j.JMeter: java.version=11
2021-09-22 14:33:23,842 INFO o.a.j.JMeter: java.vm.name=OpenJDK 64-Bit Server VM
2021-09-22 14:33:23,842 INFO o.a.j.JMeter: os.name=Windows Server 2012 R2
2021-09-22 14:33:23,842 INFO o.a.j.JMeter: os.arch=amd64
2021-09-22 14:33:23,843 INFO o.a.j.JMeter: os.version=6.3
2021-09-22 14:33:23,843 INFO o.a.j.JMeter: file.encoding=Cp1252
2021-09-22 14:33:23,843 INFO o.a.j.JMeter: java.awt.headless=null
2021-09-22 14:33:23,844 INFO o.a.j.JMeter: Max memory     =1073741824
2021-09-22 14:33:23,844 INFO o.a.j.JMeter: Available Processors =4
2021-09-22 14:33:23,855 INFO o.a.j.JMeter: Default Locale=English (EN)
2021-09-22 14:33:23,856 INFO o.a.j.JMeter: JMeter  Locale=English (EN)
2021-09-22 14:33:23,856 INFO o.a.j.JMeter: JMeterHome=E:\jams\apache-jmeter-5.5-SNAPSHOT
2021-09-22 14:33:23,856 INFO o.a.j.JMeter: user.dir  =E:\jams\apache-jmeter-5.5-SNAPSHOT\bin
2021-09-22 14:33:23,856 INFO o.a.j.JMeter: PWD       =E:\jams\apache-jmeter-5.5-SNAPSHOT\bin
2021-09-22 14:33:23,858 INFO o.a.j.JMeter: IP: 192.168.236.88 Name: SA-RSDC04 FullName: SA-RSDC04.zssd.local
2021-09-22 14:33:24,021 INFO o.a.j.JMeter: Setting LAF to: laf:javax.swing.plaf.metal.MetalLookAndFeel
2021-09-22 14:33:24,137 INFO o.a.j.JMeter: Loaded icon properties from org/apache/jmeter/images/icon.properties
2021-09-22 14:33:25,594 INFO o.j.r.JARSourceHTTP: Requesting https://jmeter-plugins.org/repo/?installID=windows_server_2012_r2-47bb27c0cba264c9fc3eac99a0a189d8-gui
2021-09-22 14:33:26,650 INFO o.j.r.PluginManager: Plugins Status: [jpgc-cmd=2.2, jpgc-filterresults=2.2, jpgc-plugins-manager=1.6, jpgc-synthesis=2.2, jmeter-core=5.5-SNAPSHOT, jmeter-ftp=5.5-SNAPSHOT, jmeter-http=5.5-SNAPSHOT, jmeter-jdbc=5.5-SNAPSHOT, jmeter-jms=5.5-SNAPSHOT, jmeter-junit=5.5-SNAPSHOT, jmeter-java=5.5-SNAPSHOT, jmeter-ldap=5.5-SNAPSHOT, jmeter-mail=5.5-SNAPSHOT, jmeter-mongodb=5.5-SNAPSHOT, jmeter-native=5.5-SNAPSHOT, jmeter-tcp=5.5-SNAPSHOT, jmeter-components=5.5-SNAPSHOT]
2021-09-22 14:33:26,963 WARN o.a.j.g.ObjectTableModel: Header count=13 but classes count=11
2021-09-22 14:33:26,964 WARN o.a.j.g.ObjectTableModel: Header count=13 but writeFunctor count=11
2021-09-22 14:33:54,779 INFO o.a.j.s.FileServer: Default base='E:\jams\apache-jmeter-5.5-SNAPSHOT\bin'
2021-09-22 14:33:54,781 INFO o.a.j.g.a.Load: Loading file: E:\jams\jams.jmx
2021-09-22 14:33:54,781 INFO o.a.j.s.FileServer: Set new base='E:\jams'
2021-09-22 14:33:54,927 INFO o.a.j.s.SaveService: Testplan (JMX) version: 2.2. Testlog (JTL) version: 2.2
2021-09-22 14:33:54,935 INFO o.a.j.s.SaveService: Using SaveService properties version 5.0
2021-09-22 14:33:54,938 INFO o.a.j.s.SaveService: Using SaveService properties file encoding UTF-8
2021-09-22 14:33:54,940 INFO o.a.j.s.SaveService: Loading file: E:\jams\jams.jmx
2021-09-22 14:33:55,243 INFO o.a.j.p.h.c.CookieManager: Settings: Delete null: true Check: true Allow variable: true Save: false Prefix: COOKIE_
2021-09-22 14:33:55,249 INFO o.a.j.p.h.s.HTTPSamplerBase: Parser for text/html is org.apache.jmeter.protocol.http.parser.LagartoBasedHtmlParser
2021-09-22 14:33:55,249 INFO o.a.j.p.h.s.HTTPSamplerBase: Parser for application/xhtml+xml is org.apache.jmeter.protocol.http.parser.LagartoBasedHtmlParser
2021-09-22 14:33:55,250 INFO o.a.j.p.h.s.HTTPSamplerBase: Parser for application/xml is org.apache.jmeter.protocol.http.parser.LagartoBasedHtmlParser
2021-09-22 14:33:55,250 INFO o.a.j.p.h.s.HTTPSamplerBase: Parser for text/xml is org.apache.jmeter.protocol.http.parser.LagartoBasedHtmlParser
2021-09-22 14:33:55,250 INFO o.a.j.p.h.s.HTTPSamplerBase: Parser for text/vnd.wap.wml is org.apache.jmeter.protocol.http.parser.RegexpHTMLParser
2021-09-22 14:33:55,250 INFO o.a.j.p.h.s.HTTPSamplerBase: Parser for text/css is org.apache.jmeter.protocol.http.parser.CssParser
2021-09-22 14:33:55,599 INFO o.a.j.e.KeyToolUtils: keytool found at 'keytool'
2021-09-22 14:33:55,600 INFO o.a.j.p.h.p.ProxyControl: HTTP(S) Test Script Recorder SSL Proxy will use keys that support embedded 3rd party resources in file E:\jams\apache-jmeter-5.5-SNAPSHOT\bin\proxyserver.jks
2021-09-22 14:33:56,157 INFO o.a.j.s.SampleResult: Note: Sample TimeStamps are START times
2021-09-22 14:33:56,158 INFO o.a.j.s.SampleResult: sampleresult.default.encoding is set to ISO-8859-1
2021-09-22 14:33:56,158 INFO o.a.j.s.SampleResult: sampleresult.useNanoTime=true
2021-09-22 14:33:56,158 INFO o.a.j.s.SampleResult: sampleresult.nanoThreadSleep=5000
2021-09-22 14:33:56,339 INFO o.a.j.v.ViewResultsFullVisualizer: Add JavaFX to your Java installation if you want to use renderer: org.apache.jmeter.visualizers.RenderInBrowser
2021-09-22 14:33:56,435 INFO o.a.j.v.ViewResultsFullVisualizer: Add JavaFX to your Java installation if you want to use renderer: org.apache.jmeter.visualizers.RenderInBrowser
2021-09-22 14:33:56,476 INFO o.a.j.s.FileServer: Set new base='E:\jams'
2021-09-22 14:34:39,884 INFO o.a.j.e.u.CompoundVariable: Note: Function class names must contain the string: '.functions.'
2021-09-22 14:34:39,884 INFO o.a.j.e.u.CompoundVariable: Note: Function class names must not contain the string: '.gui.'
2021-09-22 14:41:56,113 INFO o.a.j.e.StandardJMeterEngine: Running the test!
2021-09-22 14:41:56,114 INFO o.a.j.s.SampleEvent: List of sample_variables: []
2021-09-22 14:41:56,114 INFO o.a.j.s.SampleEvent: List of sample_variables: []
2021-09-22 14:41:56,137 INFO c.t.j.e.c.PropertyReader: Property file reader - loading the properties from E:\jams\./jams.properties
2021-09-22 14:41:56,139 INFO o.a.j.g.u.JMeterMenuBar: setRunning(true, *local*)
2021-09-22 14:41:56,206 INFO o.a.j.e.StandardJMeterEngine: Starting ThreadGroup: 1 : Thread Group
2021-09-22 14:41:56,207 INFO o.a.j.e.StandardJMeterEngine: Starting 1 threads for group Thread Group.
2021-09-22 14:41:56,207 INFO o.a.j.e.StandardJMeterEngine: Thread will continue on error
2021-09-22 14:41:56,207 INFO o.a.j.t.ThreadGroup: Starting thread group... number=1 threads=1 ramp-up=1 delayedStart=false
2021-09-22 14:41:56,214 INFO o.a.j.t.ThreadGroup: Started thread group number 1
2021-09-22 14:41:56,214 INFO o.a.j.e.StandardJMeterEngine: All thread groups have been started
2021-09-22 14:41:56,226 INFO o.a.j.t.JMeterThread: Thread started: Thread Group 1-1
2021-09-22 14:41:56,236 INFO o.a.j.s.FileServer: Stored: ./user.csv
2021-09-22 14:41:56,251 INFO o.a.j.p.h.s.HTTPHCAbstractImpl: Local host = SA-RSDC04
2021-09-22 14:41:56,256 INFO o.a.j.p.h.s.HTTPHC4Impl: HTTP request retry count = 0
2021-09-22 14:42:44,147 INFO o.a.j.p.h.s.h.LazyLayeredConnectionSocketFactory: Setting up HTTPS TrustAll Socket Factory
2021-09-22 14:42:44,149 INFO o.a.j.u.JsseSSLManager: Using default SSL protocol: TLS
2021-09-22 14:42:44,149 INFO o.a.j.u.JsseSSLManager: SSL session context: per-thread
2021-09-22 14:42:44,172 INFO o.a.j.u.SSLManager: JmeterKeyStore Location:  type JKS
2021-09-22 14:42:44,173 INFO o.a.j.u.SSLManager: KeyStore created OK
2021-09-22 14:42:44,173 WARN o.a.j.u.SSLManager: Keystore file not found, loading empty keystore
2021-09-22 14:42:49,755 INFO o.a.j.t.JMeterThread: Thread is done: Thread Group 1-1
2021-09-22 14:42:49,755 INFO o.a.j.t.JMeterThread: Thread finished: Thread Group 1-1
2021-09-22 14:42:49,757 INFO o.a.j.e.StandardJMeterEngine: Notifying test listeners of end of test
2021-09-22 14:42:49,758 INFO o.a.j.s.FileServer: Close: ./user.csv
2021-09-22 14:42:49,760 INFO o.a.j.g.u.JMeterMenuBar: setRunning(false, *local*)
2021-09-22 14:52:53,758 INFO o.a.j.g.a.SearchTreeDialog: Replaced 1 in element:Launch-1
2021-09-22 14:52:53,759 INFO o.a.j.g.a.SearchTreeDialog: Replaced 1 in element:Launch-2
2021-09-22 14:52:53,759 INFO o.a.j.g.a.SearchTreeDialog: Replaced 1 in element:Launch-3
2021-09-22 14:52:53,759 INFO o.a.j.g.a.SearchTreeDialog: Replaced 2 in element:Launch-4
2021-09-22 14:52:53,759 INFO o.a.j.g.a.SearchTreeDialog: Replaced 1 in element:Launch-5
2021-09-22 14:52:53,760 INFO o.a.j.g.a.SearchTreeDialog: Replaced 2 in element:HTTP Header Manager
2021-09-22 14:52:53,760 INFO o.a.j.g.a.SearchTreeDialog: Replaced 1 in element:Launch-6
2021-09-22 14:52:53,760 INFO o.a.j.g.a.SearchTreeDialog: Replaced 2 in element:HTTP Header Manager
2021-09-22 14:52:53,760 INFO o.a.j.g.a.SearchTreeDialog: Replaced 2 in element:Lgin-11
2021-09-22 14:52:53,761 INFO o.a.j.g.a.SearchTreeDialog: Replaced 3 in element:HTTP Header Manager
2021-09-22 14:52:53,761 INFO o.a.j.g.a.SearchTreeDialog: Replaced 2 in element:Lgin-12
2021-09-22 14:52:53,761 INFO o.a.j.g.a.SearchTreeDialog: Replaced 2 in element:HTTP Header Manager
2021-09-22 14:52:53,761 INFO o.a.j.g.a.SearchTreeDialog: Replaced 1 in element:Lgin-13
2021-09-22 14:52:53,761 INFO o.a.j.g.a.SearchTreeDialog: Replaced 2 in element:HTTP Header Manager
2021-09-22 14:52:53,761 INFO o.a.j.g.a.SearchTreeDialog: Replaced 1 in element:Lgin-14
2021-09-22 14:52:53,762 INFO o.a.j.g.a.SearchTreeDialog: Replaced 1 in element:HTTP Header Manager
2021-09-22 14:52:53,762 INFO o.a.j.g.a.SearchTreeDialog: Replaced 3 in element:Lgin-15
2021-09-22 14:52:53,762 INFO o.a.j.g.a.SearchTreeDialog: Replaced 2 in element:HTTP Header Manager
2021-09-22 14:52:53,762 INFO o.a.j.g.a.SearchTreeDialog: Replaced 1 in element:Lgin-16
2021-09-22 14:52:53,762 INFO o.a.j.g.a.SearchTreeDialog: Replaced 1 in element:HTTP Header Manager
2021-09-22 14:52:53,763 INFO o.a.j.g.a.SearchTreeDialog: Replaced 1 in element:Lgin-17
2021-09-22 14:52:53,763 INFO o.a.j.g.a.SearchTreeDialog: Replaced 1 in element:HTTP Header Manager
2021-09-22 14:52:53,763 INFO o.a.j.g.a.SearchTreeDialog: Replaced 1 in element:Lgin-20
2021-09-22 14:52:53,763 INFO o.a.j.g.a.SearchTreeDialog: Replaced 1 in element:HTTP Header Manager
2021-09-22 14:52:53,763 INFO o.a.j.g.a.SearchTreeDialog: Replaced 1 in element:Lgin-22
2021-09-22 14:52:53,764 INFO o.a.j.g.a.SearchTreeDialog: Replaced 1 in element:HTTP Header Manager
2021-09-22 14:52:53,764 INFO o.a.j.g.a.SearchTreeDialog: Replaced 1 in element:Lgin-21
2021-09-22 14:52:53,764 INFO o.a.j.g.a.SearchTreeDialog: Replaced 1 in element:HTTP Header Manager
2021-09-22 14:52:53,764 INFO o.a.j.g.a.SearchTreeDialog: Replaced 1 in element:Lgin-19
2021-09-22 14:52:53,764 INFO o.a.j.g.a.SearchTreeDialog: Replaced 1 in element:HTTP Header Manager
2021-09-22 14:52:53,764 INFO o.a.j.g.a.SearchTreeDialog: Replaced 1 in element:Lgin-25
2021-09-22 14:52:53,765 INFO o.a.j.g.a.SearchTreeDialog: Replaced 1 in element:HTTP Header Manager
2021-09-22 14:52:53,765 INFO o.a.j.g.a.SearchTreeDialog: Replaced 1 in element:Lgin-27
2021-09-22 14:52:53,765 INFO o.a.j.g.a.SearchTreeDialog: Replaced 1 in element:HTTP Header Manager
2021-09-22 14:52:53,765 INFO o.a.j.g.a.SearchTreeDialog: Replaced 1 in element:Lgin-30
2021-09-22 14:52:53,765 INFO o.a.j.g.a.SearchTreeDialog: Replaced 1 in element:HTTP Header Manager
2021-09-22 14:52:53,766 INFO o.a.j.g.a.SearchTreeDialog: Replaced 1 in element:Lgin-28
2021-09-22 14:52:53,766 INFO o.a.j.g.a.SearchTreeDialog: Replaced 1 in element:HTTP Header Manager
2021-09-22 14:52:53,766 INFO o.a.j.g.a.SearchTreeDialog: Replaced 1 in element:Lgin-24
2021-09-22 14:52:53,766 INFO o.a.j.g.a.SearchTreeDialog: Replaced 2 in element:HTTP Header Manager
2021-09-22 14:52:53,766 INFO o.a.j.g.a.SearchTreeDialog: Replaced 1 in element:Lgin-26
2021-09-22 14:52:53,766 INFO o.a.j.g.a.SearchTreeDialog: Replaced 2 in element:HTTP Header Manager
2021-09-22 14:52:53,767 INFO o.a.j.g.a.SearchTreeDialog: Replaced 1 in element:Lgin-23
2021-09-22 14:52:53,767 INFO o.a.j.g.a.SearchTreeDialog: Replaced 2 in element:HTTP Header Manager
2021-09-22 14:52:53,767 INFO o.a.j.g.a.SearchTreeDialog: Replaced 1 in element:Lgin-29
2021-09-22 14:52:53,767 INFO o.a.j.g.a.SearchTreeDialog: Replaced 2 in element:HTTP Header Manager
2021-09-22 14:52:53,767 INFO o.a.j.g.a.SearchTreeDialog: Replaced 1 in element:Lgin-18
2021-09-22 14:52:53,767 INFO o.a.j.g.a.SearchTreeDialog: Replaced 2 in element:HTTP Header Manager
2021-09-22 14:52:53,768 INFO o.a.j.g.a.SearchTreeDialog: Replaced 1 in element:Lgin-31
2021-09-22 14:52:53,768 INFO o.a.j.g.a.SearchTreeDialog: Replaced 2 in element:HTTP Header Manager
2021-09-22 14:52:53,768 INFO o.a.j.g.a.SearchTreeDialog: Replaced 1 in element:G T Custmers Tab-32
2021-09-22 14:52:53,768 INFO o.a.j.g.a.SearchTreeDialog: Replaced 1 in element:HTTP Header Manager
2021-09-22 14:52:53,768 INFO o.a.j.g.a.SearchTreeDialog: Replaced 1 in element:G T Custmers Tab-33
2021-09-22 14:52:53,768 INFO o.a.j.g.a.SearchTreeDialog: Replaced 1 in element:HTTP Header Manager
2021-09-22 14:52:53,769 INFO o.a.j.g.a.SearchTreeDialog: Replaced 1 in element:G T Custmers Tab-35
2021-09-22 14:52:53,769 INFO o.a.j.g.a.SearchTreeDialog: Replaced 1 in element:HTTP Header Manager
2021-09-22 14:52:53,769 INFO o.a.j.g.a.SearchTreeDialog: Replaced 1 in element:G T Custmers Tab-36
2021-09-22 14:52:53,769 INFO o.a.j.g.a.SearchTreeDialog: Replaced 1 in element:HTTP Header Manager
2021-09-22 14:52:53,769 INFO o.a.j.g.a.SearchTreeDialog: Replaced 3 in element:G T Custmers Tab-34
2021-09-22 14:52:53,769 INFO o.a.j.g.a.SearchTreeDialog: Replaced 2 in element:HTTP Header Manager
2021-09-22 14:52:53,770 INFO o.a.j.g.a.SearchTreeDialog: Replaced 1 in element:G T Custmers Tab-37
2021-09-22 14:52:53,770 INFO o.a.j.g.a.SearchTreeDialog: Replaced 1 in element:HTTP Header Manager
2021-09-22 14:52:53,770 INFO o.a.j.g.a.SearchTreeDialog: Replaced 1 in element:G T Custmers Tab-38
2021-09-22 14:52:53,770 INFO o.a.j.g.a.SearchTreeDialog: Replaced 1 in element:HTTP Header Manager
2021-09-22 14:52:53,770 INFO o.a.j.g.a.SearchTreeDialog: Replaced 1 in element:G T Custmers Tab-40
2021-09-22 14:52:53,770 INFO o.a.j.g.a.SearchTreeDialog: Replaced 2 in element:HTTP Header Manager
2021-09-22 14:52:53,770 INFO o.a.j.g.a.SearchTreeDialog: Replaced 1 in element:G T Custmers Tab-39
2021-09-22 14:52:53,771 INFO o.a.j.g.a.SearchTreeDialog: Replaced 2 in element:HTTP Header Manager
2021-09-22 14:52:53,771 INFO o.a.j.g.a.SearchTreeDialog: Replaced 1 in element:G T Custmers Tab-42
2021-09-22 14:52:53,771 INFO o.a.j.g.a.SearchTreeDialog: Replaced 1 in element:HTTP Header Manager
2021-09-22 14:52:53,771 INFO o.a.j.g.a.SearchTreeDialog: Replaced 1 in element:G T Custmers Tab-43
2021-09-22 14:52:53,771 INFO o.a.j.g.a.SearchTreeDialog: Replaced 1 in element:HTTP Header Manager
2021-09-22 14:52:53,771 INFO o.a.j.g.a.SearchTreeDialog: Replaced 1 in element:G T Custmers Tab-41
2021-09-22 14:52:53,771 INFO o.a.j.g.a.SearchTreeDialog: Replaced 1 in element:HTTP Header Manager
2021-09-22 14:52:53,772 INFO o.a.j.g.a.SearchTreeDialog: Replaced 1 in element:G T Custmers Tab-45
2021-09-22 14:52:53,772 INFO o.a.j.g.a.SearchTreeDialog: Replaced 1 in element:HTTP Header Manager
2021-09-22 14:52:53,772 INFO o.a.j.g.a.SearchTreeDialog: Replaced 1 in element:G T Custmers Tab-46
2021-09-22 14:52:53,772 INFO o.a.j.g.a.SearchTreeDialog: Replaced 1 in element:HTTP Header Manager
2021-09-22 14:52:53,772 INFO o.a.j.g.a.SearchTreeDialog: Replaced 1 in element:G T Custmers Tab-48
2021-09-22 14:52:53,773 INFO o.a.j.g.a.SearchTreeDialog: Replaced 1 in element:HTTP Header Manager
2021-09-22 14:52:53,773 INFO o.a.j.g.a.SearchTreeDialog: Replaced 1 in element:G T Custmers Tab-50
2021-09-22 14:52:53,773 INFO o.a.j.g.a.SearchTreeDialog: Replaced 1 in element:HTTP Header Manager
2021-09-22 14:52:53,773 INFO o.a.j.g.a.SearchTreeDialog: Replaced 1 in element:G T Custmers Tab-47
2021-09-22 14:52:53,773 INFO o.a.j.g.a.SearchTreeDialog: Replaced 1 in element:HTTP Header Manager
2021-09-22 14:52:53,773 INFO o.a.j.g.a.SearchTreeDialog: Replaced 1 in element:G T Custmers Tab-44
2021-09-22 14:52:53,774 INFO o.a.j.g.a.SearchTreeDialog: Replaced 1 in element:HTTP Header Manager
2021-09-22 14:52:53,774 INFO o.a.j.g.a.SearchTreeDialog: Replaced 1 in element:G T Custmers Tab-49
2021-09-22 14:52:53,774 INFO o.a.j.g.a.SearchTreeDialog: Replaced 1 in element:HTTP Header Manager
2021-09-22 14:52:53,774 INFO o.a.j.g.a.SearchTreeDialog: Replaced 1 in element:HTTP Header Manager
2021-09-22 14:52:53,774 INFO o.a.j.g.a.SearchTreeDialog: Replaced 1 in element:HTTP Header Manager
2021-09-22 14:52:53,775 INFO o.a.j.g.a.SearchTreeDialog: Replaced 1 in element:G T Custmers Tab-53
2021-09-22 14:52:53,775 INFO o.a.j.g.a.SearchTreeDialog: Replaced 1 in element:HTTP Header Manager
2021-09-22 14:52:53,775 INFO o.a.j.g.a.SearchTreeDialog: Replaced 1 in element:G T Custmers Tab-54
2021-09-22 14:52:53,775 INFO o.a.j.g.a.SearchTreeDialog: Replaced 1 in element:HTTP Header Manager
2021-09-22 14:52:53,775 INFO o.a.j.g.a.SearchTreeDialog: Replaced 1 in element:G T Psitins Tab-57
2021-09-22 14:52:53,775 INFO o.a.j.g.a.SearchTreeDialog: Replaced 1 in element:HTTP Header Manager
2021-09-22 14:52:53,775 INFO o.a.j.g.a.SearchTreeDialog: Replaced 1 in element:G T Psitins Tab-58
2021-09-22 14:52:53,775 INFO o.a.j.g.a.SearchTreeDialog: Replaced 1 in element:HTTP Header Manager
2021-09-22 14:52:53,776 INFO o.a.j.g.a.SearchTreeDialog: Replaced 3 in element:G T Psitins Tab-59
2021-09-22 14:52:53,776 INFO o.a.j.g.a.SearchTreeDialog: Replaced 2 in element:HTTP Header Manager
2021-09-22 14:52:53,776 INFO o.a.j.g.a.SearchTreeDialog: Replaced 1 in element:G T Psitins Tab-60
2021-09-22 14:52:53,776 INFO o.a.j.g.a.SearchTreeDialog: Replaced 1 in element:HTTP Header Manager
2021-09-22 14:52:53,776 INFO o.a.j.g.a.SearchTreeDialog: Replaced 1 in element:G T Psitins Tab-61
2021-09-22 14:52:53,776 INFO o.a.j.g.a.SearchTreeDialog: Replaced 1 in element:HTTP Header Manager
2021-09-22 14:52:53,776 INFO o.a.j.g.a.SearchTreeDialog: Replaced 1 in element:G T Psitins Tab-64
2021-09-22 14:52:53,777 INFO o.a.j.g.a.SearchTreeDialog: Replaced 1 in element:HTTP Header Manager
2021-09-22 14:52:53,777 INFO o.a.j.g.a.SearchTreeDialog: Replaced 1 in element:G T Psitins Tab-63
2021-09-22 14:52:53,777 INFO o.a.j.g.a.SearchTreeDialog: Replaced 1 in element:HTTP Header Manager
2021-09-22 14:52:53,777 INFO o.a.j.g.a.SearchTreeDialog: Replaced 1 in element:G T Psitins Tab-65
2021-09-22 14:52:53,777 INFO o.a.j.g.a.SearchTreeDialog: Replaced 1 in element:HTTP Header Manager
2021-09-22 14:52:53,777 INFO o.a.j.g.a.SearchTreeDialog: Replaced 1 in element:G T Psitins Tab-62
2021-09-22 14:52:53,777 INFO o.a.j.g.a.SearchTreeDialog: Replaced 1 in element:HTTP Header Manager
2021-09-22 14:52:53,778 INFO o.a.j.g.a.SearchTreeDialog: Replaced 1 in element:G T Psitins Tab-66
2021-09-22 14:52:53,778 INFO o.a.j.g.a.SearchTreeDialog: Replaced 1 in element:HTTP Header Manager
2021-09-22 14:52:53,778 INFO o.a.j.g.a.SearchTreeDialog: Replaced 1 in element:HTTP Header Manager
2021-09-22 14:52:53,778 INFO o.a.j.g.a.SearchTreeDialog: Replaced 1 in element:G T Requests Tab-69
2021-09-22 14:52:53,778 INFO o.a.j.g.a.SearchTreeDialog: Replaced 1 in element:HTTP Header Manager
2021-09-22 14:52:53,778 INFO o.a.j.g.a.SearchTreeDialog: Replaced 1 in element:G T Requests Tab-70
2021-09-22 14:52:53,779 INFO o.a.j.g.a.SearchTreeDialog: Replaced 1 in element:HTTP Header Manager
2021-09-22 14:52:53,779 INFO o.a.j.g.a.SearchTreeDialog: Replaced 1 in element:G T Requests Tab-72
2021-09-22 14:52:53,779 INFO o.a.j.g.a.SearchTreeDialog: Replaced 1 in element:HTTP Header Manager
2021-09-22 14:52:53,779 INFO o.a.j.g.a.SearchTreeDialog: Replaced 1 in element:G T Requests Tab-75
2021-09-22 14:52:53,779 INFO o.a.j.g.a.SearchTreeDialog: Replaced 1 in element:HTTP Header Manager
2021-09-22 14:52:53,779 INFO o.a.j.g.a.SearchTreeDialog: Replaced 3 in element:G T Requests Tab-71
2021-09-22 14:52:53,779 INFO o.a.j.g.a.SearchTreeDialog: Replaced 2 in element:HTTP Header Manager
2021-09-22 14:52:53,779 INFO o.a.j.g.a.SearchTreeDialog: Replaced 1 in element:G T Requests Tab-74
2021-09-22 14:52:53,780 INFO o.a.j.g.a.SearchTreeDialog: Replaced 1 in element:HTTP Header Manager
2021-09-22 14:52:53,780 INFO o.a.j.g.a.SearchTreeDialog: Replaced 1 in element:G T Requests Tab-77
2021-09-22 14:52:53,780 INFO o.a.j.g.a.SearchTreeDialog: Replaced 1 in element:HTTP Header Manager
2021-09-22 14:52:53,780 INFO o.a.j.g.a.SearchTreeDialog: Replaced 1 in element:G T Requests Tab-78
2021-09-22 14:52:53,780 INFO o.a.j.g.a.SearchTreeDialog: Replaced 1 in element:HTTP Header Manager
2021-09-22 14:52:53,780 INFO o.a.j.g.a.SearchTreeDialog: Replaced 1 in element:G T Requests Tab-81
2021-09-22 14:52:53,780 INFO o.a.j.g.a.SearchTreeDialog: Replaced 1 in element:HTTP Header Manager
2021-09-22 14:52:53,780 INFO o.a.j.g.a.SearchTreeDialog: Replaced 1 in element:G T Requests Tab-76
2021-09-22 14:52:53,781 INFO o.a.j.g.a.SearchTreeDialog: Replaced 1 in element:HTTP Header Manager
2021-09-22 14:52:53,781 INFO o.a.j.g.a.SearchTreeDialog: Replaced 1 in element:HTTP Header Manager
2021-09-22 14:52:53,781 INFO o.a.j.g.a.SearchTreeDialog: Replaced 1 in element:G T Requests Tab-79
2021-09-22 14:52:53,781 INFO o.a.j.g.a.SearchTreeDialog: Replaced 2 in element:HTTP Header Manager
2021-09-22 14:52:53,781 INFO o.a.j.g.a.SearchTreeDialog: Replaced 1 in element:G T Requests Tab-84
2021-09-22 14:52:53,781 INFO o.a.j.g.a.SearchTreeDialog: Replaced 2 in element:HTTP Header Manager
2021-09-22 14:52:53,781 INFO o.a.j.g.a.SearchTreeDialog: Replaced 1 in element:G T Requests Tab-73
2021-09-22 14:52:53,782 INFO o.a.j.g.a.SearchTreeDialog: Replaced 1 in element:HTTP Header Manager
2021-09-22 14:52:53,782 INFO o.a.j.g.a.SearchTreeDialog: Replaced 1 in element:G T Requests Tab-80
2021-09-22 14:52:53,782 INFO o.a.j.g.a.SearchTreeDialog: Replaced 1 in element:HTTP Header Manager
2021-09-22 14:52:53,782 INFO o.a.j.g.a.SearchTreeDialog: Replaced 1 in element:G T Requests Tab-85
2021-09-22 14:52:53,782 INFO o.a.j.g.a.SearchTreeDialog: Replaced 1 in element:HTTP Header Manager
2021-09-22 14:52:53,782 INFO o.a.j.g.a.SearchTreeDialog: Replaced 1 in element:G T Requests Tab-86
2021-09-22 14:52:53,782 INFO o.a.j.g.a.SearchTreeDialog: Replaced 1 in element:HTTP Header Manager
2021-09-22 14:52:53,782 INFO o.a.j.g.a.SearchTreeDialog: Replaced 1 in element:G T Requests Tab-87
2021-09-22 14:52:53,783 INFO o.a.j.g.a.SearchTreeDialog: Replaced 2 in element:HTTP Header Manager
2021-09-22 14:52:53,783 INFO o.a.j.g.a.SearchTreeDialog: Replaced 1 in element:G T Reprts Tab-88
2021-09-22 14:52:53,783 INFO o.a.j.g.a.SearchTreeDialog: Replaced 2 in element:HTTP Header Manager
2021-09-22 14:52:53,783 INFO o.a.j.g.a.SearchTreeDialog: Replaced 1 in element:G T Reprts Tab-89
2021-09-22 14:52:53,783 INFO o.a.j.g.a.SearchTreeDialog: Replaced 1 in element:HTTP Header Manager
2021-09-22 14:52:53,783 INFO o.a.j.g.a.SearchTreeDialog: Replaced 1 in element:G T Reprts Tab-90
2021-09-22 14:52:53,783 INFO o.a.j.g.a.SearchTreeDialog: Replaced 1 in element:HTTP Header Manager
2021-09-22 14:52:53,784 INFO o.a.j.g.a.SearchTreeDialog: Replaced 3 in element:G T Reprts Tab-91
2021-09-22 14:52:53,784 INFO o.a.j.g.a.SearchTreeDialog: Replaced 2 in element:HTTP Header Manager
2021-09-22 14:52:53,784 INFO o.a.j.g.a.SearchTreeDialog: Replaced 1 in element:G T Reprts Tab-92
2021-09-22 14:52:53,784 INFO o.a.j.g.a.SearchTreeDialog: Replaced 1 in element:HTTP Header Manager
2021-09-22 14:52:53,784 INFO o.a.j.g.a.SearchTreeDialog: Replaced 1 in element:G T Reprts Tab-93
2021-09-22 14:52:53,784 INFO o.a.j.g.a.SearchTreeDialog: Replaced 1 in element:HTTP Header Manager
2021-09-22 14:52:53,784 INFO o.a.j.g.a.SearchTreeDialog: Replaced 1 in element:G T Reprts Tab-94
2021-09-22 14:52:53,784 INFO o.a.j.g.a.SearchTreeDialog: Replaced 1 in element:HTTP Header Manager
2021-09-22 14:52:53,785 INFO o.a.j.g.a.SearchTreeDialog: Replaced 1 in element:G T Reprts Tab-95
2021-09-22 14:52:53,785 INFO o.a.j.g.a.SearchTreeDialog: Replaced 1 in element:HTTP Header Manager
2021-09-22 14:52:53,785 INFO o.a.j.g.a.SearchTreeDialog: Replaced 1 in element:HTTP Header Manager
2021-09-22 14:52:53,785 INFO o.a.j.g.a.SearchTreeDialog: Replaced 1 in element:G T Administratin Tab-97
2021-09-22 14:52:53,785 INFO o.a.j.g.a.SearchTreeDialog: Replaced 1 in element:HTTP Header Manager
2021-09-22 14:52:53,785 INFO o.a.j.g.a.SearchTreeDialog: Replaced 1 in element:G T Administratin Tab-99
2021-09-22 14:52:53,785 INFO o.a.j.g.a.SearchTreeDialog: Replaced 1 in element:HTTP Header Manager
2021-09-22 14:52:53,785 INFO o.a.j.g.a.SearchTreeDialog: Replaced 1 in element:G T Administratin Tab-101
2021-09-22 14:52:53,786 INFO o.a.j.g.a.SearchTreeDialog: Replaced 1 in element:HTTP Header Manager
2021-09-22 14:52:53,786 INFO o.a.j.g.a.SearchTreeDialog: Replaced 1 in element:G T Administratin Tab-102
2021-09-22 14:52:53,786 INFO o.a.j.g.a.SearchTreeDialog: Replaced 1 in element:HTTP Header Manager
2021-09-22 14:52:53,786 INFO o.a.j.g.a.SearchTreeDialog: Replaced 3 in element:G T Administratin Tab-100
2021-09-22 14:52:53,786 INFO o.a.j.g.a.SearchTreeDialog: Replaced 2 in element:HTTP Header Manager
2021-09-22 14:52:53,786 INFO o.a.j.g.a.SearchTreeDialog: Replaced 1 in element:G T Administratin Tab-103
2021-09-22 14:52:53,786 INFO o.a.j.g.a.SearchTreeDialog: Replaced 1 in element:HTTP Header Manager
2021-09-22 14:52:53,787 INFO o.a.j.g.a.SearchTreeDialog: Replaced 1 in element:G T Administratin Tab-104
2021-09-22 14:52:53,787 INFO o.a.j.g.a.SearchTreeDialog: Replaced 1 in element:HTTP Header Manager
2021-09-22 14:52:53,787 INFO o.a.j.g.a.SearchTreeDialog: Replaced 1 in element:G T Administratin Tab-106
2021-09-22 14:52:53,787 INFO o.a.j.g.a.SearchTreeDialog: Replaced 2 in element:HTTP Header Manager
2021-09-22 14:52:53,787 INFO o.a.j.g.a.SearchTreeDialog: Replaced 1 in element:G T Administratin Tab-105
2021-09-22 14:52:53,787 INFO o.a.j.g.a.SearchTreeDialog: Replaced 1 in element:HTTP Header Manager
2021-09-22 14:52:53,787 INFO o.a.j.g.a.SearchTreeDialog: Replaced 1 in element:G T Administratin Tab-108
2021-09-22 14:52:53,787 INFO o.a.j.g.a.SearchTreeDialog: Replaced 1 in element:HTTP Header Manager
2021-09-22 14:52:53,788 INFO o.a.j.g.a.SearchTreeDialog: Replaced 1 in element:G T Administratin Tab-107
2021-09-22 14:52:53,788 INFO o.a.j.g.a.SearchTreeDialog: Replaced 1 in element:HTTP Header Manager
2021-09-22 14:52:53,788 INFO o.a.j.g.a.SearchTreeDialog: Replaced 1 in element:G T Administratin Tab-109
2021-09-22 14:52:53,788 INFO o.a.j.g.a.SearchTreeDialog: Replaced 2 in element:HTTP Header Manager
2021-09-22 14:52:53,788 INFO o.a.j.g.a.SearchTreeDialog: Replaced 1 in element:G T System Administratin Tab-113
2021-09-22 14:52:53,788 INFO o.a.j.g.a.SearchTreeDialog: Replaced 1 in element:HTTP Header Manager
2021-09-22 14:52:53,788 INFO o.a.j.g.a.SearchTreeDialog: Replaced 1 in element:G T System Administratin Tab-115
2021-09-22 14:52:53,789 INFO o.a.j.g.a.SearchTreeDialog: Replaced 1 in element:HTTP Header Manager
2021-09-22 14:52:53,789 INFO o.a.j.g.a.SearchTreeDialog: Replaced 1 in element:G T System Administratin Tab-117
2021-09-22 14:52:53,789 INFO o.a.j.g.a.SearchTreeDialog: Replaced 1 in element:HTTP Header Manager
2021-09-22 14:52:53,789 INFO o.a.j.g.a.SearchTreeDialog: Replaced 3 in element:G T System Administratin Tab-116
2021-09-22 14:52:53,789 INFO o.a.j.g.a.SearchTreeDialog: Replaced 2 in element:HTTP Header Manager
2021-09-22 14:52:53,789 INFO o.a.j.g.a.SearchTreeDialog: Replaced 1 in element:G T System Administratin Tab-118
2021-09-22 14:52:53,789 INFO o.a.j.g.a.SearchTreeDialog: Replaced 1 in element:HTTP Header Manager
2021-09-22 14:52:53,790 INFO o.a.j.g.a.SearchTreeDialog: Replaced 1 in element:G T System Administratin Tab-119
2021-09-22 14:52:53,790 INFO o.a.j.g.a.SearchTreeDialog: Replaced 1 in element:HTTP Header Manager
2021-09-22 14:52:53,790 INFO o.a.j.g.a.SearchTreeDialog: Replaced 1 in element:G T System Administratin Tab-121
2021-09-22 14:52:53,790 INFO o.a.j.g.a.SearchTreeDialog: Replaced 1 in element:HTTP Header Manager
2021-09-22 14:52:53,790 INFO o.a.j.g.a.SearchTreeDialog: Replaced 1 in element:G T System Administratin Tab-120
2021-09-22 14:52:53,790 INFO o.a.j.g.a.SearchTreeDialog: Replaced 1 in element:HTTP Header Manager
2021-09-22 14:52:53,790 INFO o.a.j.g.a.SearchTreeDialog: Replaced 1 in element:Signut-122
2021-09-22 14:52:53,790 INFO o.a.j.g.a.SearchTreeDialog: Replaced 1 in element:HTTP Header Manager
2021-09-22 14:52:53,791 INFO o.a.j.g.a.SearchTreeDialog: Replaced 1 in element:Signut-123
2021-09-22 14:52:53,791 INFO o.a.j.g.a.SearchTreeDialog: Replaced 1 in element:HTTP Header Manager
2021-09-22 14:52:53,791 INFO o.a.j.g.a.SearchTreeDialog: Replaced 2 in element:Signut-124
2021-09-22 14:52:53,791 INFO o.a.j.g.a.SearchTreeDialog: Replaced 1 in element:HTTP Header Manager
2021-09-22 14:52:53,791 INFO o.a.j.g.a.SearchTreeDialog: Replaced 2 in element:Signut-126
2021-09-22 14:52:53,791 INFO o.a.j.g.a.SearchTreeDialog: Replaced 3 in element:HTTP Header Manager
2021-09-22 14:52:53,791 INFO o.a.j.g.a.SearchTreeDialog: Replaced 1 in element:Signut-127
2021-09-22 14:52:53,792 INFO o.a.j.g.a.SearchTreeDialog: Replaced 2 in element:HTTP Header Manager
2021-09-22 14:52:53,792 INFO o.a.j.g.a.SearchTreeDialog: Replaced 1 in element:Signut-128
2021-09-22 14:52:53,792 INFO o.a.j.g.a.SearchTreeDialog: Replaced 2 in element:HTTP Header Manager
2021-09-22 14:53:09,117 INFO o.a.j.e.StandardJMeterEngine: Running the test!
2021-09-22 14:53:09,117 INFO o.a.j.s.SampleEvent: List of sample_variables: []
2021-09-22 14:53:09,136 INFO c.t.j.e.c.PropertyReader: Property file reader - loading the properties from E:\jams\./jams.properties
2021-09-22 14:53:09,138 INFO o.a.j.v.b.BackendListener: Backend Listener: Starting worker with class: class org.apache.jmeter.visualizers.backend.influxdb.InfluxdbBackendListenerClient and queue capacity: 5000
2021-09-22 14:53:09,140 INFO o.a.j.v.b.BackendListener: Backend Listener: Started  worker with class: class org.apache.jmeter.visualizers.backend.influxdb.InfluxdbBackendListenerClient
2021-09-22 14:53:09,192 INFO o.a.j.g.u.JMeterMenuBar: setRunning(true, *local*)
2021-09-22 14:53:09,263 INFO o.a.j.e.StandardJMeterEngine: Starting ThreadGroup: 1 : Thread Group
2021-09-22 14:53:09,264 INFO o.a.j.e.StandardJMeterEngine: Starting 1 threads for group Thread Group.
2021-09-22 14:53:09,265 INFO o.a.j.e.StandardJMeterEngine: Thread will continue on error
2021-09-22 14:53:09,265 INFO o.a.j.t.ThreadGroup: Starting thread group... number=1 threads=1 ramp-up=1 delayedStart=false
2021-09-22 14:53:09,275 INFO o.a.j.t.ThreadGroup: Started thread group number 1
2021-09-22 14:53:09,275 INFO o.a.j.e.StandardJMeterEngine: All thread groups have been started
2021-09-22 14:53:09,281 INFO o.a.j.t.JMeterThread: Thread started: Thread Group 1-1
2021-09-22 14:53:09,282 INFO o.a.j.s.FileServer: Stored: ./user.csv
2021-09-22 14:53:42,637 INFO o.a.j.g.a.Start: Stopping test
2021-09-22 14:53:42,646 INFO o.a.j.t.JMeterThread: Stopping: Thread Group 1-1
2021-09-22 14:53:42,647 WARN o.a.j.t.JMeterThread: Interrupting: Thread Group 1-1 sampler: G T Psitins Tab-66
2021-09-22 14:53:42,649 INFO o.a.j.t.JMeterThread: Thread finished: Thread Group 1-1
2021-09-22 14:53:42,650 INFO o.a.j.e.StandardJMeterEngine: Notifying test listeners of end of test
2021-09-22 14:53:42,650 INFO o.a.j.s.FileServer: Close: ./user.csv
2021-09-22 14:53:42,652 INFO o.a.j.v.b.BackendListener: Worker ended
2021-09-22 14:53:42,653 INFO o.a.j.v.b.i.InfluxdbBackendListenerClient: Sending last metrics to InfluxDB
2021-09-22 14:53:42,655 INFO o.a.j.v.b.i.HttpMetricsSender: Destroying 
2021-09-22 14:53:42,662 INFO o.a.j.g.u.JMeterMenuBar: setRunning(false, *local*)
